<?xml version="1.0" encoding="UTF-8"?>
<!-- Generated by org.testng.reporters.JUnitXMLReporter -->
<testsuite ignored="3" hostname="DESKTOP-VJ8GD4N" failures="1" tests="1" name="Default test(failed)" time="18.323" errors="0" timestamp="2024-08-04T17:55:30 IST">
  <testcase classname="com.UnitedGrocery.TestCases.TC_LoginTest" name="VendorUpload" time="0.356">
    <failure type="java.lang.NullPointerException" message="Cannot invoke &amp;quot;com.UnitedGrocery.PageObject.Homepage.vendorUpload()&amp;quot; because &amp;quot;this.hp&amp;quot; is null">
      <![CDATA[java.lang.NullPointerException: Cannot invoke "com.UnitedGrocery.PageObject.Homepage.vendorUpload()" because "this.hp" is null
at com.UnitedGrocery.TestCases.TC_LoginTest.VendorUpload(TC_LoginTest.java:224)
at java.base/java.util.ArrayList.forEach(ArrayList.java:1511)
... Removed 25 stack frames]]>
    </failure>
  </testcase> <!-- VendorUpload -->
  <testcase classname="com.UnitedGrocery.TestCases.TC_LoginTest" name="VendorDownload" time="0.0">
    <ignored/>
  </testcase> <!-- VendorDownload -->
  <testcase classname="com.UnitedGrocery.TestCases.TC_LoginTest" name="verifylogin" time="0.0">
    <ignored/>
  </testcase> <!-- verifylogin -->
  <testcase classname="com.UnitedGrocery.TestCases.TC_LoginTest" name="PendingOrder" time="0.0">
    <ignored/>
  </testcase> <!-- PendingOrder -->
</testsuite> <!-- Default test(failed) -->
