<?xml version="1.0" encoding="UTF-8"?>
<!-- Generated by org.testng.reporters.JUnitXMLReporter -->
<testsuite ignored="6" hostname="DESKTOP-VJ8GD4N" failures="0" tests="1" name="Test(failed)(failed)" time="22.504" errors="0" timestamp="2024-08-04T13:29:55 IST">
  <testcase classname="com.UnitedGrocery.TestCases.TC_LoginTest" name="logopresence" time="3.461"/>
  <testcase classname="com.UnitedGrocery.TestCases.TC_LoginTest" name="verifylogin" time="0.0">
    <ignored/>
  </testcase> <!-- verifylogin -->
  <testcase classname="com.UnitedGrocery.TestCases.TC_LoginTest" name="RejectOrder" time="0.0">
    <ignored/>
  </testcase> <!-- RejectOrder -->
  <testcase classname="com.UnitedGrocery.TestCases.TC_LoginTest" name="PendingOrder" time="0.0">
    <ignored/>
  </testcase> <!-- PendingOrder -->
  <testcase classname="com.UnitedGrocery.TestCases.TC_LoginTest" name="PendingDelivery" time="0.0">
    <ignored/>
  </testcase> <!-- PendingDelivery -->
  <testcase classname="com.UnitedGrocery.TestCases.TC_LoginTest" name="AcceptOrder" time="0.0">
    <ignored/>
  </testcase> <!-- AcceptOrder -->
  <testcase classname="com.UnitedGrocery.TestCases.TC_LoginTest" name="delivered" time="0.0">
    <ignored/>
  </testcase> <!-- delivered -->
</testsuite> <!-- Test(failed)(failed) -->
